2018-08-21 13:28:00,635 DEBUG Main – Запуск программы.
2018-08-21 13:28:23,021 DEBUG .ctor – Запуск формы 'Тестирование'
2018-08-21 13:28:23,067 DEBUG SetDeviceIndicators – Устройство сканер не найдено!
2018-08-21 13:28:23,147 DEBUG SetDeviceIndicators – PLC устройство отключено! Окно не занято
2018-08-21 13:28:40,358 DEBUG Connect – Инициализация таймера WatchDog0
2018-08-21 13:28:40,396 DEBUG TimerStart – Запустили таймер WatchDog, текущая БД №0
2018-08-21 13:28:41,417 DEBUG timerWatchDog_Elapsed – Получили true, записали true 0 21.08.2018 04:28:41:417
2018-08-21 13:28:42,521 DEBUG timerWatchDog_Elapsed – Получили false, записали false 1 21.08.2018 04:28:42:521
2018-08-21 13:28:43,565 DEBUG timerWatchDog_Elapsed – Получили true, записали true 0 21.08.2018 04:28:43:565
2018-08-21 13:28:44,612 DEBUG timerWatchDog_Elapsed – Получили false, записали false 1 21.08.2018 04:28:44:612
2018-08-21 13:28:45,654 DEBUG timerWatchDog_Elapsed – Получили true, записали true 0 21.08.2018 04:28:45:654
2018-08-21 13:28:46,704 DEBUG timerWatchDog_Elapsed – Получили false, записали false 1 21.08.2018 04:28:46:704
2018-08-21 13:28:47,746 DEBUG timerWatchDog_Elapsed – Получили true, записали true 0 21.08.2018 04:28:47:746
2018-08-21 13:28:48,791 DEBUG timerWatchDog_Elapsed – Получили false, записали false 1 21.08.2018 04:28:48:791
2018-08-21 13:28:49,838 DEBUG timerWatchDog_Elapsed – Получили true, записали true 0 21.08.2018 04:28:49:838
2018-08-21 13:28:50,885 DEBUG timerWatchDog_Elapsed – Получили false, записали false 1 21.08.2018 04:28:50:885
2018-08-21 13:28:51,927 DEBUG timerWatchDog_Elapsed – Получили true, записали true 0 21.08.2018 04:28:51:927
2018-08-21 13:28:52,972 DEBUG timerWatchDog_Elapsed – Получили true, записали true 1 21.08.2018 04:28:52:972
2018-08-21 13:28:54,022 DEBUG timerWatchDog_Elapsed – Получили false, записали false 2 21.08.2018 04:28:54:021
2018-08-21 13:28:55,067 DEBUG timerWatchDog_Elapsed – Получили true, записали true 1 21.08.2018 04:28:55:067
2018-08-21 13:28:56,108 DEBUG timerWatchDog_Elapsed – Получили false, записали false 2 21.08.2018 04:28:56:108
2018-08-21 13:28:57,155 DEBUG timerWatchDog_Elapsed – Получили true, записали true 1 21.08.2018 04:28:57:155
2018-08-21 13:28:58,199 DEBUG timerWatchDog_Elapsed – Получили false, записали false 0 21.08.2018 04:28:58:199
2018-08-21 13:28:59,244 DEBUG timerWatchDog_Elapsed – Получили true, записали true -1 21.08.2018 04:28:59:244
2018-08-21 13:29:00,290 DEBUG timerWatchDog_Elapsed – Получили false, записали false 0 21.08.2018 04:29:00:290
2018-08-21 13:29:01,333 DEBUG timerWatchDog_Elapsed – Получили true, записали true -1 21.08.2018 04:29:01:332
2018-08-21 13:29:02,379 DEBUG timerWatchDog_Elapsed – Получили false, записали false 0 21.08.2018 04:29:02:379
2018-08-21 13:29:03,424 DEBUG timerWatchDog_Elapsed – Получили true, записали true -1 21.08.2018 04:29:03:424
2018-08-21 13:29:04,468 DEBUG timerWatchDog_Elapsed – Получили false, записали false 0 21.08.2018 04:29:04:468
2018-08-21 13:29:05,515 DEBUG timerWatchDog_Elapsed – Получили true, записали true -1 21.08.2018 04:29:05:515
2018-08-21 13:29:06,561 DEBUG timerWatchDog_Elapsed – Получили false, записали false 0 21.08.2018 04:29:06:561
2018-08-21 13:29:07,607 DEBUG timerWatchDog_Elapsed – Получили true, записали true -1 21.08.2018 04:29:07:607
2018-08-21 13:29:08,649 DEBUG timerWatchDog_Elapsed – Получили false, записали false 0 21.08.2018 04:29:08:649
2018-08-21 13:29:09,699 DEBUG timerWatchDog_Elapsed – Получили true, записали true -1 21.08.2018 04:29:09:699
2018-08-21 13:29:10,743 DEBUG timerWatchDog_Elapsed – Получили false, записали false 0 21.08.2018 04:29:10:743
2018-08-21 13:29:11,786 DEBUG timerWatchDog_Elapsed – Получили true, записали true -1 21.08.2018 04:29:11:786
2018-08-21 13:29:12,830 DEBUG timerWatchDog_Elapsed – Получили false, записали false 0 21.08.2018 04:29:12:830
2018-08-21 13:29:13,873 DEBUG timerWatchDog_Elapsed – Получили true, записали true -1 21.08.2018 04:29:13:873
2018-08-21 13:29:14,920 DEBUG timerWatchDog_Elapsed – Получили false, записали false 0 21.08.2018 04:29:14:920
2018-08-21 13:29:15,965 DEBUG timerWatchDog_Elapsed – Получили false, записали false -1 21.08.2018 04:29:15:965
2018-08-21 13:29:17,011 DEBUG timerWatchDog_Elapsed – Получили true, записали true -2 21.08.2018 04:29:17:011
2018-08-21 13:29:18,055 DEBUG timerWatchDog_Elapsed – Получили false, записали false -1 21.08.2018 04:29:18:055
2018-08-21 13:29:19,100 DEBUG timerWatchDog_Elapsed – Получили true, записали true -2 21.08.2018 04:29:19:100
2018-08-21 13:29:20,147 DEBUG timerWatchDog_Elapsed – Получили false, записали false -1 21.08.2018 04:29:20:147
2018-08-21 13:29:21,192 DEBUG timerWatchDog_Elapsed – Получили true, записали true -2 21.08.2018 04:29:21:192
2018-08-21 13:29:22,241 DEBUG timerWatchDog_Elapsed – Получили false, записали false -1 21.08.2018 04:29:22:241
2018-08-21 13:29:23,280 DEBUG timerWatchDog_Elapsed – Получили true, записали true -2 21.08.2018 04:29:23:280
2018-08-21 13:29:24,326 DEBUG timerWatchDog_Elapsed – Получили false, записали false -1 21.08.2018 04:29:24:325
2018-08-21 13:29:25,372 DEBUG timerWatchDog_Elapsed – Получили true, записали true -2 21.08.2018 04:29:25:372
2018-08-21 13:29:26,417 DEBUG timerWatchDog_Elapsed – Получили false, записали false -1 21.08.2018 04:29:26:417
2018-08-21 13:29:27,464 DEBUG timerWatchDog_Elapsed – Получили true, записали true -2 21.08.2018 04:29:27:463
2018-08-21 13:29:28,506 DEBUG timerWatchDog_Elapsed – Получили false, записали false -1 21.08.2018 04:29:28:506
2018-08-21 13:29:29,553 DEBUG timerWatchDog_Elapsed – Получили true, записали true -2 21.08.2018 04:29:29:553
2018-08-21 13:29:30,598 DEBUG timerWatchDog_Elapsed – Получили false, записали false -1 21.08.2018 04:29:30:598
2018-08-21 13:29:31,643 DEBUG timerWatchDog_Elapsed – Получили true, записали true 0 21.08.2018 04:29:31:643
2018-08-21 13:29:32,687 DEBUG timerWatchDog_Elapsed – Получили false, записали false 1 21.08.2018 04:29:32:687
2018-08-21 13:29:33,732 DEBUG timerWatchDog_Elapsed – Получили true, записали true 0 21.08.2018 04:29:33:732
2018-08-21 13:29:34,777 DEBUG timerWatchDog_Elapsed – Получили false, записали false 1 21.08.2018 04:29:34:777
2018-08-21 13:29:35,823 DEBUG timerWatchDog_Elapsed – Получили true, записали true 0 21.08.2018 04:29:35:823
2018-08-21 13:29:36,867 DEBUG timerWatchDog_Elapsed – Получили false, записали false 1 21.08.2018 04:29:36:867
2018-08-21 13:29:37,915 DEBUG timerWatchDog_Elapsed – Получили true, записали true 0 21.08.2018 04:29:37:915
2018-08-21 13:29:38,959 DEBUG timerWatchDog_Elapsed – Получили true, записали true 1 21.08.2018 04:29:38:959
2018-08-21 13:29:40,004 DEBUG timerWatchDog_Elapsed – Получили false, записали false 2 21.08.2018 04:29:40:003
2018-08-21 13:29:41,050 DEBUG timerWatchDog_Elapsed – Получили true, записали true 1 21.08.2018 04:29:41:050
2018-08-21 13:29:42,095 DEBUG timerWatchDog_Elapsed – Получили false, записали false 2 21.08.2018 04:29:42:095
2018-08-21 13:29:43,139 DEBUG timerWatchDog_Elapsed – Получили true, записали true 1 21.08.2018 04:29:43:139
2018-08-21 13:29:44,184 DEBUG timerWatchDog_Elapsed – Получили false, записали false 2 21.08.2018 04:29:44:184
2018-08-21 13:29:45,231 DEBUG timerWatchDog_Elapsed – Получили true, записали true 1 21.08.2018 04:29:45:231
2018-08-21 13:29:46,273 DEBUG timerWatchDog_Elapsed – Получили false, записали false 2 21.08.2018 04:29:46:273
2018-08-21 13:29:47,321 DEBUG timerWatchDog_Elapsed – Получили true, записали true 1 21.08.2018 04:29:47:321
2018-08-21 13:29:48,365 DEBUG timerWatchDog_Elapsed – Получили false, записали false 0 21.08.2018 04:29:48:365
2018-08-21 13:29:49,410 DEBUG timerWatchDog_Elapsed – Получили true, записали true -1 21.08.2018 04:29:49:410
2018-08-21 13:29:50,454 DEBUG timerWatchDog_Elapsed – Получили false, записали false 0 21.08.2018 04:29:50:454
2018-08-21 13:29:51,502 DEBUG timerWatchDog_Elapsed – Получили true, записали true -1 21.08.2018 04:29:51:501
2018-08-21 13:29:52,546 DEBUG timerWatchDog_Elapsed – Получили false, записали false 0 21.08.2018 04:29:52:546
2018-08-21 13:29:53,590 DEBUG timerWatchDog_Elapsed – Получили true, записали true -1 21.08.2018 04:29:53:590
2018-08-21 13:29:54,634 DEBUG timerWatchDog_Elapsed – Получили false, записали false 0 21.08.2018 04:29:54:634
2018-08-21 13:29:55,680 DEBUG timerWatchDog_Elapsed – Получили true, записали true -1 21.08.2018 04:29:55:680
2018-08-21 13:29:56,727 DEBUG timerWatchDog_Elapsed – Получили false, записали false 0 21.08.2018 04:29:56:727
2018-08-21 13:29:57,771 DEBUG timerWatchDog_Elapsed – Получили true, записали true -1 21.08.2018 04:29:57:771
2018-08-21 13:29:58,816 DEBUG timerWatchDog_Elapsed – Получили false, записали false 0 21.08.2018 04:29:58:816
2018-08-21 13:29:59,862 DEBUG timerWatchDog_Elapsed – Получили true, записали true -1 21.08.2018 04:29:59:862
2018-08-21 13:30:00,910 DEBUG timerWatchDog_Elapsed – Получили false, записали false 0 21.08.2018 04:30:00:909
2018-08-21 13:30:01,951 DEBUG timerWatchDog_Elapsed – Получили true, записали true -1 21.08.2018 04:30:01:951
2018-08-21 13:30:02,997 DEBUG timerWatchDog_Elapsed – Получили true, записали true 0 21.08.2018 04:30:02:997
2018-08-21 13:30:04,041 DEBUG timerWatchDog_Elapsed – Получили false, записали false 1 21.08.2018 04:30:04:040
2018-08-21 13:30:05,087 DEBUG timerWatchDog_Elapsed – Получили true, записали true 0 21.08.2018 04:30:05:087
2018-08-21 13:30:06,134 DEBUG timerWatchDog_Elapsed – Получили false, записали false 1 21.08.2018 04:30:06:134
2018-08-21 13:30:07,179 DEBUG timerWatchDog_Elapsed – Получили true, записали true 0 21.08.2018 04:30:07:179
2018-08-21 13:30:08,223 DEBUG timerWatchDog_Elapsed – Получили false, записали false 1 21.08.2018 04:30:08:223
2018-08-21 13:30:09,267 DEBUG timerWatchDog_Elapsed – Получили true, записали true 0 21.08.2018 04:30:09:267
2018-08-21 13:30:10,315 DEBUG timerWatchDog_Elapsed – Получили false, записали false 1 21.08.2018 04:30:10:315
2018-08-21 13:30:11,359 DEBUG timerWatchDog_Elapsed – Получили true, записали true 0 21.08.2018 04:30:11:359
2018-08-21 13:30:12,404 DEBUG timerWatchDog_Elapsed – Получили false, записали false 1 21.08.2018 04:30:12:404
2018-08-21 13:30:13,449 DEBUG timerWatchDog_Elapsed – Получили true, записали true 0 21.08.2018 04:30:13:449
2018-08-21 13:30:14,493 DEBUG timerWatchDog_Elapsed – Получили false, записали false 1 21.08.2018 04:30:14:493
2018-08-21 13:30:15,537 DEBUG timerWatchDog_Elapsed – Получили true, записали true 0 21.08.2018 04:30:15:537
2018-08-21 13:30:16,585 DEBUG timerWatchDog_Elapsed – Получили false, записали false 1 21.08.2018 04:30:16:585
2018-08-21 13:30:17,629 DEBUG timerWatchDog_Elapsed – Получили true, записали true 0 21.08.2018 04:30:17:629
2018-08-21 13:30:18,674 DEBUG timerWatchDog_Elapsed – Получили false, записали false 1 21.08.2018 04:30:18:674
2018-08-21 13:30:19,718 DEBUG timerWatchDog_Elapsed – Получили true, записали true 0 21.08.2018 04:30:19:718
2018-08-21 13:30:20,765 DEBUG timerWatchDog_Elapsed – Получили false, записали false 1 21.08.2018 04:30:20:765
2018-08-21 13:30:21,813 DEBUG timerWatchDog_Elapsed – Получили true, записали true 0 21.08.2018 04:30:21:813
2018-08-21 13:30:22,855 DEBUG timerWatchDog_Elapsed – Получили false, записали false 1 21.08.2018 04:30:22:855
2018-08-21 13:30:23,900 DEBUG timerWatchDog_Elapsed – Получили true, записали true 0 21.08.2018 04:30:23:900
2018-08-21 13:30:24,944 DEBUG timerWatchDog_Elapsed – Получили false, записали false 1 21.08.2018 04:30:24:944
2018-08-21 13:30:25,991 DEBUG timerWatchDog_Elapsed – Получили false, записали false 0 21.08.2018 04:30:25:991
2018-08-21 13:30:27,036 DEBUG timerWatchDog_Elapsed – Получили true, записали true -1 21.08.2018 04:30:27:035
2018-08-21 13:30:28,080 DEBUG timerWatchDog_Elapsed – Получили false, записали false 0 21.08.2018 04:30:28:080
2018-08-21 13:30:29,122 DEBUG timerWatchDog_Elapsed – Получили true, записали true -1 21.08.2018 04:30:29:122
2018-08-21 13:30:30,171 DEBUG timerWatchDog_Elapsed – Получили false, записали false 0 21.08.2018 04:30:30:171
2018-08-21 13:30:31,219 DEBUG timerWatchDog_Elapsed – Получили true, записали true -1 21.08.2018 04:30:31:219
2018-08-21 13:30:32,258 DEBUG timerWatchDog_Elapsed – Получили false, записали false 0 21.08.2018 04:30:32:258
2018-08-21 13:30:33,308 DEBUG timerWatchDog_Elapsed – Получили true, записали true -1 21.08.2018 04:30:33:308
2018-08-21 13:30:34,352 DEBUG timerWatchDog_Elapsed – Получили false, записали false 0 21.08.2018 04:30:34:352
2018-08-21 13:30:35,398 DEBUG timerWatchDog_Elapsed – Получили true, записали true -1 21.08.2018 04:30:35:398
2018-08-21 13:30:36,439 DEBUG timerWatchDog_Elapsed – Получили false, записали false 0 21.08.2018 04:30:36:439
2018-08-21 13:30:37,485 DEBUG timerWatchDog_Elapsed – Получили true, записали true -1 21.08.2018 04:30:37:485
2018-08-21 13:30:38,533 DEBUG timerWatchDog_Elapsed – Получили false, записали false 0 21.08.2018 04:30:38:533
2018-08-21 13:30:39,577 DEBUG timerWatchDog_Elapsed – Получили true, записали true -1 21.08.2018 04:30:39:577
2018-08-21 13:30:40,621 DEBUG timerWatchDog_Elapsed – Получили false, записали false 0 21.08.2018 04:30:40:621
2018-08-21 13:30:41,669 DEBUG timerWatchDog_Elapsed – Получили true, записали true -1 21.08.2018 04:30:41:668
2018-08-21 13:30:42,713 DEBUG timerWatchDog_Elapsed – Получили false, записали false 0 21.08.2018 04:30:42:713
2018-08-21 13:30:43,758 DEBUG timerWatchDog_Elapsed – Получили true, записали true -1 21.08.2018 04:30:43:758
2018-08-21 13:30:44,849 DEBUG timerWatchDog_Elapsed – Получили false, записали false 0 21.08.2018 04:30:44:849
